<?xml version="1.0" encoding="UTF-8"?>
<testng-results ignored="0" total="1" passed="1" failed="0" skipped="0">
  <reporter-output>
  </reporter-output>
  <suite started-at="2023-05-14T01:19:42Z" name="Default suite" finished-at="2023-05-14T01:19:48Z" duration-ms="6042">
    <groups>
      <group name="cucumber">
        <method signature="AbstractTestNGCucumberTests.runScenario(io.cucumber.testng.PickleWrapper, io.cucumber.testng.FeatureWrapper)[pri:0, instance:smarttech.ny.myrunner.TestRunner@6cc558c6]" name="runScenario" class="io.cucumber.testng.AbstractTestNGCucumberTests"/>
      </group> <!-- cucumber -->
    </groups>
    <test started-at="2023-05-14T01:19:42Z" name="Default test" finished-at="2023-05-14T01:19:48Z" duration-ms="6042">
      <class name="smarttech.ny.myrunner.TestRunner">
        <test-method is-config="true" signature="setUpClass()[pri:0, instance:smarttech.ny.myrunner.TestRunner@6cc558c6]" started-at="2023-05-14T01:19:42Z" name="setUpClass" finished-at="2023-05-14T01:19:42Z" duration-ms="261" status="PASS">
          <reporter-output>
          </reporter-output>
        </test-method> <!-- setUpClass -->
        <test-method signature="runScenario(io.cucumber.testng.PickleWrapper, io.cucumber.testng.FeatureWrapper)[pri:0, instance:smarttech.ny.myrunner.TestRunner@6cc558c6]" started-at="2023-05-14T01:19:42Z" name="runScenario" description="Runs Cucumber Scenarios" data-provider="scenarios" finished-at="2023-05-14T01:19:48Z" duration-ms="5707" status="PASS">
          <params>
            <param index="0">
              <value>
                <![CDATA["User Able To Login, Purchase And Download Invoice."]]>
              </value>
            </param>
            <param index="1">
              <value>
                <![CDATA["Optional[Valid Users Able To Download Invoice after purchase the order.]"]]>
              </value>
            </param>
          </params>
          <reporter-output>
          </reporter-output>
        </test-method> <!-- runScenario -->
        <test-method is-config="true" signature="tearDownClass()[pri:0, instance:smarttech.ny.myrunner.TestRunner@6cc558c6]" started-at="2023-05-14T01:19:48Z" name="tearDownClass" finished-at="2023-05-14T01:19:48Z" duration-ms="58" status="PASS">
          <reporter-output>
          </reporter-output>
        </test-method> <!-- tearDownClass -->
      </class> <!-- smarttech.ny.myrunner.TestRunner -->
    </test> <!-- Default test -->
  </suite> <!-- Default suite -->
</testng-results>
